<?xml version="1.0" encoding="UTF-8"?>
<testsuite xmlns:xsi="http://www.w3.org/2001/XMLSchema-instance" xsi:noNamespaceSchemaLocation="https://maven.apache.org/surefire/maven-surefire-plugin/xsd/surefire-test-report-3.0.xsd" version="3.0" name="com.bentiss.demo.DemoApplicationTests" time="6.267" tests="1" errors="0" skipped="0" failures="0">
  <properties>
[...]
</properties>
  <testcase name="contextLoads" classname="com.bentiss.demo.DemoApplicationTests" time="1.685">
    <system-out><![CDATA[15:26:10.903 [main] INFO org.springframework.test.context.support.AnnotationConfigContextLoaderUtils -- Could not detect default configuration classes for test class [com.bentiss.demo.DemoApplicationTests]: DemoApplicationTests does not declare any static, non-private, non-final, nested classes annotated with @Configuration.
15:26:11.225 [main] INFO org.springframework.boot.test.context.SpringBootTestContextBootstrapper -- Found @SpringBootConfiguration com.bentiss.demo.DemoApplication for test class com.bentiss.demo.DemoApplicationTests

  .   ____          _            __ _ _
 /\\ / ___'_ __ _ _(_)_ __  __ _ \ \ \ \
( ( )\___ | '_ | '_| | '_ \/ _` | \ \ \ \
 \\/  ___)| |_)| | | | | || (_| |  ) ) ) )
  '  |____| .__|_| |_|_| |_\__, | / / / /
 =========|_|==============|___/=/_/_/_/
 :: Spring Boot ::                (v3.2.1)

2023-12-30T15:26:12.107Z  INFO 1828 --- [           main] com.bentiss.demo.DemoApplicationTests    : Starting DemoApplicationTests using Java 20.0.1 with PID 1828 (started by Admin in C:\Users\Admin\Documents\demo-api)
2023-12-30T15:26:12.111Z  INFO 1828 --- [           main] com.bentiss.demo.DemoApplicationTests    : No active profile set, falling back to 1 default profile: "default"
2023-12-30T15:26:15.036Z  INFO 1828 --- [           main] com.bentiss.demo.DemoApplicationTests    : Started DemoApplicationTests in 3.508 seconds (process running for 5.741)
]]></system-out>
  </testcase>
</testsuite>